0 info it worked if it ends with ok
1 verbose cli [ '/usr/local/bin/node', '/usr/bin/npm', 'run', 'production' ]
2 info using npm@3.10.3
3 info using node@v6.6.0
4 verbose run-script [ 'preproduction', 'production', 'postproduction' ]
5 info lifecycle github-battle@1.0.0~preproduction: github-battle@1.0.0
6 silly lifecycle github-battle@1.0.0~preproduction: no script for preproduction, continuing
7 info lifecycle github-battle@1.0.0~production: github-battle@1.0.0
8 verbose lifecycle github-battle@1.0.0~production: unsafe-perm in lifecycle true
9 verbose lifecycle github-battle@1.0.0~production: PATH: /usr/lib/node_modules/npm/bin/node-gyp-bin:/home/evgheniy/WebstormProjects/github-battle/node_modules/.bin:/usr/local/bin:/home/evgheniy/.rbenv/shims:/home/evgheniy/.rbenv/bin:/usr/local/sbin:/usr/local/bin:/usr/sbin:/usr/bin:/sbin:/bin:/usr/games:/usr/local/games:/snap/bin:/usr/lib/jvm/java-8-oracle/bin:/usr/lib/jvm/java-8-oracle/db/bin:/usr/lib/jvm/java-8-oracle/jre/bin:/snap/bin:/usr/lib/jvm/java-8-oracle/bin:/usr/lib/jvm/java-8-oracle/db/bin:/usr/lib/jvm/java-8-oracle/jre/bin
10 verbose lifecycle github-battle@1.0.0~production: CWD: /home/evgheniy/WebstormProjects/github-battle
11 silly lifecycle github-battle@1.0.0~production: Args: [ '-c', 'webpack -p' ]
12 silly lifecycle github-battle@1.0.0~production: Returned: code: 255  signal: null
13 info lifecycle github-battle@1.0.0~production: Failed to exec production script
14 verbose stack Error: github-battle@1.0.0 production: `webpack -p`
14 verbose stack Exit status 255
14 verbose stack     at EventEmitter.<anonymous> (/usr/lib/node_modules/npm/lib/utils/lifecycle.js:242:16)
14 verbose stack     at emitTwo (events.js:106:13)
14 verbose stack     at EventEmitter.emit (events.js:191:7)
14 verbose stack     at ChildProcess.<anonymous> (/usr/lib/node_modules/npm/lib/utils/spawn.js:40:14)
14 verbose stack     at emitTwo (events.js:106:13)
14 verbose stack     at ChildProcess.emit (events.js:191:7)
14 verbose stack     at maybeClose (internal/child_process.js:877:16)
14 verbose stack     at Process.ChildProcess._handle.onexit (internal/child_process.js:226:5)
15 verbose pkgid github-battle@1.0.0
16 verbose cwd /home/evgheniy/WebstormProjects/github-battle/app
17 error Linux 4.4.0-36-generic
18 error argv "/usr/local/bin/node" "/usr/bin/npm" "run" "production"
19 error node v6.6.0
20 error npm  v3.10.3
21 error code ELIFECYCLE
22 error github-battle@1.0.0 production: `webpack -p`
22 error Exit status 255
23 error Failed at the github-battle@1.0.0 production script 'webpack -p'.
23 error Make sure you have the latest version of node.js and npm installed.
23 error If you do, this is most likely a problem with the github-battle package,
23 error not with npm itself.
23 error Tell the author that this fails on your system:
23 error     webpack -p
23 error You can get information on how to open an issue for this project with:
23 error     npm bugs github-battle
23 error Or if that isn't available, you can get their info via:
23 error     npm owner ls github-battle
23 error There is likely additional logging output above.
24 verbose exit [ 1, true ]
